This is XeTeX, Version 3.141592653-2.6-0.999994 (TeX Live 2022) (preloaded format=xelatex 2022.5.23)  20 JUN 2022 10:13
entering extended mode
 restricted \write18 enabled.
 file:line:error style messages enabled.
 %&-line parsing enabled.
**main.tex
(D:/_PROJECTS_/GIT/licencjat/manuscript/main.tex
LaTeX2e <2021-11-15> patch level 1
L3 programming layer <2022-05-04>
(d:/FILES/PROGRAM_FILES/texlive/2022/texmf-dist/tex/latex/base/article.cls
Document Class: article 2021/10/04 v1.4n Standard LaTeX document class
(d:/FILES/PROGRAM_FILES/texlive/2022/texmf-dist/tex/latex/base/size12.clo
File: size12.clo 2021/10/04 v1.4n Standard LaTeX file (size option)
)
\c@part=\count181
\c@section=\count182
\c@subsection=\count183
\c@subsubsection=\count184
\c@paragraph=\count185
\c@subparagraph=\count186
\c@figure=\count187
\c@table=\count188
\abovecaptionskip=\skip47
\belowcaptionskip=\skip48
\bibindent=\dimen138
)
(d:/FILES/PROGRAM_FILES/texlive/2022/texmf-dist/tex/latex/base/inputenc.sty
Package: inputenc 2021/02/14 v1.3d Input encoding file
\inpenc@prehook=\toks16
\inpenc@posthook=\toks17


Package inputenc Warning: inputenc package ignored with utf8 based engines.

) (d:/FILES/PROGRAM_FILES/texlive/2022/texmf-dist/tex/latex/base/fontenc.sty
Package: fontenc 2021/04/29 v2.0v Standard LaTeX package
LaTeX Font Info:    Trying to load font information for T1+lmr on input line 11
2.

(d:/FILES/PROGRAM_FILES/texlive/2022/texmf-dist/tex/latex/lm/t1lmr.fd
File: t1lmr.fd 2015/05/01 v1.6.1 Font defs for Latin Modern
))
(d:/FILES/PROGRAM_FILES/texlive/2022/texmf-dist/tex/generic/babel/babel.sty
Package: babel 2022/05/22 3.75 The Babel package
\babel@savecnt=\count189
\U@D=\dimen139
\l@unhyphenated=\language87

(d:/FILES/PROGRAM_FILES/texlive/2022/texmf-dist/tex/generic/babel/xebabel.def
(d:/FILES/PROGRAM_FILES/texlive/2022/texmf-dist/tex/generic/babel/txtbabel.def)
)
\bbl@readstream=\read2
\bbl@dirlevel=\count190

(d:/FILES/PROGRAM_FILES/texlive/2022/texmf-dist/tex/generic/babel-english/briti
sh.ldf
Language: british 2017/06/06 v3.3r English support from the babel system

(d:/FILES/PROGRAM_FILES/texlive/2022/texmf-dist/tex/generic/babel-english/engli
sh.ldf
Language: english 2017/06/06 v3.3r English support from the babel system
Package babel Info: Hyphen rules for 'canadian' set to \l@english
(babel)             (\language0). Reported on input line 102.
Package babel Info: Hyphen rules for 'australian' set to \l@ukenglish
(babel)             (\language21). Reported on input line 105.
Package babel Info: Hyphen rules for 'newzealand' set to \l@ukenglish
(babel)             (\language21). Reported on input line 108.
))
(d:/FILES/PROGRAM_FILES/texlive/2022/texmf-dist/tex/generic/babel-polish/polish
.ldf
Language: polish 2022/03/12 1.3 Babel support for Polish
Package babel Info: Making " an active character on input line 101.
))
(d:/FILES/PROGRAM_FILES/texlive/2022/texmf-dist/tex/generic/babel/locale/pl/bab
el-polish.tex
Package babel Info: Importing font and identification data for polish
(babel)             from babel-pl.ini. Reported on input line 11.
)
(d:/FILES/PROGRAM_FILES/texlive/2022/texmf-dist/tex/generic/babel/locale/en/bab
el-british.tex
(d:/FILES/PROGRAM_FILES/texlive/2022/texmf-dist/tex/generic/babel/locale/en/bab
el-english-unitedkingdom.tex
Package babel Info: Importing font and identification data for british
(babel)             from babel-en-GB.ini. Reported on input line 11.
))
(d:/FILES/PROGRAM_FILES/texlive/2022/texmf-dist/tex/latex/geometry/geometry.sty
Package: geometry 2020/01/02 v5.9 Page Geometry
(d:/FILES/PROGRAM_FILES/texlive/2022/texmf-dist/tex/latex/graphics/keyval.sty
Package: keyval 2014/10/28 v1.15 key=value parser (DPC)
\KV@toks@=\toks18
)
(d:/FILES/PROGRAM_FILES/texlive/2022/texmf-dist/tex/generic/iftex/ifvtex.sty
Package: ifvtex 2019/10/25 v1.7 ifvtex legacy package. Use iftex instead.

(d:/FILES/PROGRAM_FILES/texlive/2022/texmf-dist/tex/generic/iftex/iftex.sty
Package: iftex 2022/02/03 v1.0f TeX engine tests
))
\Gm@cnth=\count191
\Gm@cntv=\count192
\c@Gm@tempcnt=\count193
\Gm@bindingoffset=\dimen140
\Gm@wd@mp=\dimen141
\Gm@odd@mp=\dimen142
\Gm@even@mp=\dimen143
\Gm@layoutwidth=\dimen144
\Gm@layoutheight=\dimen145
\Gm@layouthoffset=\dimen146
\Gm@layoutvoffset=\dimen147
\Gm@dimlist=\toks19
)
(d:/FILES/PROGRAM_FILES/texlive/2022/texmf-dist/tex/latex/was/gensymb.sty
Package: gensymb 2003/07/02 v1.0 (WaS)
)
(d:/FILES/PROGRAM_FILES/texlive/2022/texmf-dist/tex/latex/was/upgreek.sty
Package: upgreek 2003/02/12 v2.0 (WaS)
Package upgreek Info: Using Euler Roman for upright Greek on input line 31.
\symugrf@m=\mathgroup4
LaTeX Font Info:    Overwriting symbol font `ugrf@m' in version `bold'
(Font)                  U/eur/m/n --> U/eur/b/n on input line 38.
)
(d:/FILES/PROGRAM_FILES/texlive/2022/texmf-dist/tex/latex/tools/bm.sty
Package: bm 2021/04/25 v1.2e Bold Symbol Support (DPC/FMi)
\symboldoperators=\mathgroup5
\symboldletters=\mathgroup6
\symboldsymbols=\mathgroup7
Package bm Info: No bold for \OMX/cmex/m/n, using \pmb.
\symboldugrf@m=\mathgroup8
LaTeX Font Info:    Redeclaring math alphabet \mathbf on input line 149.
)
(d:/FILES/PROGRAM_FILES/texlive/2022/texmf-dist/tex/latex/lipsum/lipsum.sty
(d:/FILES/PROGRAM_FILES/texlive/2022/texmf-dist/tex/latex/l3packages/l3keys2e/l
3keys2e.sty
(d:/FILES/PROGRAM_FILES/texlive/2022/texmf-dist/tex/latex/l3kernel/expl3.sty
Package: expl3 2022-05-04 L3 programming layer (loader) 

(d:/FILES/PROGRAM_FILES/texlive/2022/texmf-dist/tex/latex/l3backend/l3backend-x
etex.def
File: l3backend-xetex.def 2022-04-20 L3 backend support: XeTeX
\g__graphics_track_int=\count194
\l__pdf_internal_box=\box50
\g__pdf_backend_object_int=\count195
\g__pdf_backend_annotation_int=\count196
\g__pdf_backend_link_int=\count197
))
Package: l3keys2e 2022-01-12 LaTeX2e option processing using LaTeX3 keys
)
Package: lipsum 2021-09-20 v2.7 150 paragraphs of Lorem Ipsum dummy text
\g__lipsum_par_int=\count198
\l__lipsum_a_int=\count199
\l__lipsum_b_int=\count266

(d:/FILES/PROGRAM_FILES/texlive/2022/texmf-dist/tex/latex/lipsum/lipsum.ltd.tex
)) (d:/FILES/PROGRAM_FILES/texlive/2022/texmf-dist/tex/latex/cite/cite.sty
LaTeX Info: Redefining \cite on input line 302.
LaTeX Info: Redefining \nocite on input line 332.
Package: cite 2015/02/27  v 5.5
)
(d:/FILES/PROGRAM_FILES/texlive/2022/texmf-dist/tex/latex/graphics/graphicx.sty
Package: graphicx 2021/09/16 v1.2d Enhanced LaTeX Graphics (DPC,SPQR)

(d:/FILES/PROGRAM_FILES/texlive/2022/texmf-dist/tex/latex/graphics/graphics.sty
Package: graphics 2021/03/04 v1.4d Standard LaTeX Graphics (DPC,SPQR)
(d:/FILES/PROGRAM_FILES/texlive/2022/texmf-dist/tex/latex/graphics/trig.sty
Package: trig 2021/08/11 v1.11 sin cos tan (DPC)
)
(d:/FILES/PROGRAM_FILES/texlive/2022/texmf-dist/tex/latex/graphics-cfg/graphics
.cfg
File: graphics.cfg 2016/06/04 v1.11 sample graphics configuration
)
Package graphics Info: Driver file: xetex.def on input line 107.

(d:/FILES/PROGRAM_FILES/texlive/2022/texmf-dist/tex/latex/graphics-def/xetex.de
f
File: xetex.def 2022/04/16 v5.0m Graphics/color driver for xetex
))
\Gin@req@height=\dimen148
\Gin@req@width=\dimen149
)
(d:/FILES/PROGRAM_FILES/texlive/2022/texmf-dist/tex/latex/hyperref/hyperref.sty
Package: hyperref 2022-05-17 v7.00q Hypertext links for LaTeX

(d:/FILES/PROGRAM_FILES/texlive/2022/texmf-dist/tex/generic/ltxcmds/ltxcmds.sty
Package: ltxcmds 2020-05-10 v1.25 LaTeX kernel commands for general use (HO)
)
(d:/FILES/PROGRAM_FILES/texlive/2022/texmf-dist/tex/generic/pdftexcmds/pdftexcm
ds.sty
Package: pdftexcmds 2020-06-27 v0.33 Utility functions of pdfTeX for LuaTeX (HO
)

(d:/FILES/PROGRAM_FILES/texlive/2022/texmf-dist/tex/generic/infwarerr/infwarerr
.sty
Package: infwarerr 2019/12/03 v1.5 Providing info/warning/error messages (HO)
)
Package pdftexcmds Info: \pdf@primitive is available.
Package pdftexcmds Info: \pdf@ifprimitive is available.
Package pdftexcmds Info: \pdfdraftmode not found.
)
(d:/FILES/PROGRAM_FILES/texlive/2022/texmf-dist/tex/generic/kvsetkeys/kvsetkeys
.sty
Package: kvsetkeys 2019/12/15 v1.18 Key value parser (HO)
)
(d:/FILES/PROGRAM_FILES/texlive/2022/texmf-dist/tex/generic/kvdefinekeys/kvdefi
nekeys.sty
Package: kvdefinekeys 2019-12-19 v1.6 Define keys (HO)
)
(d:/FILES/PROGRAM_FILES/texlive/2022/texmf-dist/tex/generic/pdfescape/pdfescape
.sty
Package: pdfescape 2019/12/09 v1.15 Implements pdfTeX's escape features (HO)
)
(d:/FILES/PROGRAM_FILES/texlive/2022/texmf-dist/tex/latex/hycolor/hycolor.sty
Package: hycolor 2020-01-27 v1.10 Color options for hyperref/bookmark (HO)
)
(d:/FILES/PROGRAM_FILES/texlive/2022/texmf-dist/tex/latex/letltxmacro/letltxmac
ro.sty
Package: letltxmacro 2019/12/03 v1.6 Let assignment for LaTeX macros (HO)
)
(d:/FILES/PROGRAM_FILES/texlive/2022/texmf-dist/tex/latex/auxhook/auxhook.sty
Package: auxhook 2019-12-17 v1.6 Hooks for auxiliary files (HO)
)
(d:/FILES/PROGRAM_FILES/texlive/2022/texmf-dist/tex/latex/hyperref/nameref.sty
Package: nameref 2022-05-17 v2.50 Cross-referencing by name of section

(d:/FILES/PROGRAM_FILES/texlive/2022/texmf-dist/tex/latex/refcount/refcount.sty
Package: refcount 2019/12/15 v3.6 Data extraction from label references (HO)
)
(d:/FILES/PROGRAM_FILES/texlive/2022/texmf-dist/tex/generic/gettitlestring/gett
itlestring.sty
Package: gettitlestring 2019/12/15 v1.6 Cleanup title references (HO)

(d:/FILES/PROGRAM_FILES/texlive/2022/texmf-dist/tex/latex/kvoptions/kvoptions.s
ty
Package: kvoptions 2020-10-07 v3.14 Key value format for package options (HO)
))
\c@section@level=\count267
)
\@linkdim=\dimen150
\Hy@linkcounter=\count268
\Hy@pagecounter=\count269

(d:/FILES/PROGRAM_FILES/texlive/2022/texmf-dist/tex/latex/hyperref/pd1enc.def
File: pd1enc.def 2022-05-17 v7.00q Hyperref: PDFDocEncoding definition (HO)
)
(d:/FILES/PROGRAM_FILES/texlive/2022/texmf-dist/tex/generic/intcalc/intcalc.sty
Package: intcalc 2019/12/15 v1.3 Expandable calculations with integers (HO)
)
(d:/FILES/PROGRAM_FILES/texlive/2022/texmf-dist/tex/generic/etexcmds/etexcmds.s
ty
Package: etexcmds 2019/12/15 v1.7 Avoid name clashes with e-TeX commands (HO)
)
\Hy@SavedSpaceFactor=\count270

(d:/FILES/PROGRAM_FILES/texlive/2022/texmf-dist/tex/latex/hyperref/puenc.def
File: puenc.def 2022-05-17 v7.00q Hyperref: PDF Unicode definition (HO)
)
Package hyperref Info: Hyper figures OFF on input line 4139.
Package hyperref Info: Link nesting OFF on input line 4144.
Package hyperref Info: Hyper index ON on input line 4147.
Package hyperref Info: Plain pages OFF on input line 4154.
Package hyperref Info: Backreferencing OFF on input line 4159.
Package hyperref Info: Implicit mode ON; LaTeX internals redefined.
Package hyperref Info: Bookmarks ON on input line 4385.
\c@Hy@tempcnt=\count271

(d:/FILES/PROGRAM_FILES/texlive/2022/texmf-dist/tex/latex/url/url.sty
\Urlmuskip=\muskip16
Package: url 2013/09/16  ver 3.4  Verb mode for urls, etc.
)
LaTeX Info: Redefining \url on input line 4723.
\XeTeXLinkMargin=\dimen151

(d:/FILES/PROGRAM_FILES/texlive/2022/texmf-dist/tex/generic/bitset/bitset.sty
Package: bitset 2019/12/09 v1.3 Handle bit-vector datatype (HO)

(d:/FILES/PROGRAM_FILES/texlive/2022/texmf-dist/tex/generic/bigintcalc/bigintca
lc.sty
Package: bigintcalc 2019/12/15 v1.5 Expandable calculations on big integers (HO
)
))
\Fld@menulength=\count272
\Field@Width=\dimen152
\Fld@charsize=\dimen153
Package hyperref Info: Hyper figures OFF on input line 6001.
Package hyperref Info: Link nesting OFF on input line 6006.
Package hyperref Info: Hyper index ON on input line 6009.
Package hyperref Info: backreferencing OFF on input line 6016.
Package hyperref Info: Link coloring OFF on input line 6021.
Package hyperref Info: Link coloring with OCG OFF on input line 6026.
Package hyperref Info: PDF/A mode OFF on input line 6031.
LaTeX Info: Redefining \ref on input line 6078.
LaTeX Info: Redefining \pageref on input line 6078.

(d:/FILES/PROGRAM_FILES/texlive/2022/texmf-dist/tex/latex/base/atbegshi-ltx.sty
Package: atbegshi-ltx 2021/01/10 v1.0c Emulation of the original atbegshi
package with kernel methods
)
\Hy@abspage=\count273
\c@Item=\count274
\c@Hfootnote=\count275
)
Package hyperref Info: Driver (autodetected): hxetex.

(d:/FILES/PROGRAM_FILES/texlive/2022/texmf-dist/tex/latex/hyperref/hxetex.def
File: hxetex.def 2022-05-17 v7.00q Hyperref driver for XeTeX

(d:/FILES/PROGRAM_FILES/texlive/2022/texmf-dist/tex/generic/stringenc/stringenc
.sty
Package: stringenc 2019/11/29 v1.12 Convert strings between diff. encodings (HO
)
)
\pdfm@box=\box51
\c@Hy@AnnotLevel=\count276
\HyField@AnnotCount=\count277
\Fld@listcount=\count278
\c@bookmark@seq@number=\count279

(d:/FILES/PROGRAM_FILES/texlive/2022/texmf-dist/tex/latex/rerunfilecheck/rerunf
ilecheck.sty
Package: rerunfilecheck 2019/12/05 v1.9 Rerun checks for auxiliary files (HO)

(d:/FILES/PROGRAM_FILES/texlive/2022/texmf-dist/tex/latex/base/atveryend-ltx.st
y
Package: atveryend-ltx 2020/08/19 v1.0a Emulation of the original atveryend pac
kage
with kernel methods
)
(d:/FILES/PROGRAM_FILES/texlive/2022/texmf-dist/tex/generic/uniquecounter/uniqu
ecounter.sty
Package: uniquecounter 2019/12/15 v1.4 Provide unlimited unique counter (HO)
)
Package uniquecounter Info: New unique counter `rerunfilecheck' on input line 2
86.
)
\Hy@SectionHShift=\skip49
)
(d:/FILES/PROGRAM_FILES/texlive/2022/texmf-dist/tex/latex/xcolor/xcolor.sty
Package: xcolor 2021/10/31 v2.13 LaTeX color extensions (UK)

(d:/FILES/PROGRAM_FILES/texlive/2022/texmf-dist/tex/latex/graphics-cfg/color.cf
g
File: color.cfg 2016/01/02 v1.6 sample color configuration
)
Package xcolor Info: Driver file: xetex.def on input line 227.

(d:/FILES/PROGRAM_FILES/texlive/2022/texmf-dist/tex/latex/colortbl/colortbl.sty
Package: colortbl 2020/01/04 v1.0e Color table columns (DPC)
(d:/FILES/PROGRAM_FILES/texlive/2022/texmf-dist/tex/latex/tools/array.sty
Package: array 2021/10/04 v2.5f Tabular extension package (FMi)
\col@sep=\dimen154
\ar@mcellbox=\box52
\extrarowheight=\dimen155
\NC@list=\toks20
\extratabsurround=\skip50
\backup@length=\skip51
\ar@cellbox=\box53
)
\everycr=\toks21
\minrowclearance=\skip52
)
\rownum=\count280
Package xcolor Info: Model `cmy' substituted by `cmy0' on input line 1352.
Package xcolor Info: Model `RGB' extended on input line 1368.
Package xcolor Info: Model `HTML' substituted by `rgb' on input line 1370.
Package xcolor Info: Model `Hsb' substituted by `hsb' on input line 1371.
Package xcolor Info: Model `tHsb' substituted by `hsb' on input line 1372.
Package xcolor Info: Model `HSB' substituted by `hsb' on input line 1373.
Package xcolor Info: Model `Gray' substituted by `gray' on input line 1374.
Package xcolor Info: Model `wave' substituted by `hsb' on input line 1375.
)
(d:/FILES/PROGRAM_FILES/texlive/2022/texmf-dist/tex/latex/psnfss/mathptmx.sty
Package: mathptmx 2020/03/25 PSNFSS-v9.3 Times w/ Math, improved (SPQR, WaS) 
LaTeX Font Info:    Redeclaring symbol font `operators' on input line 28.
LaTeX Font Info:    Overwriting symbol font `operators' in version `normal'
(Font)                  OT1/cmr/m/n --> OT1/ztmcm/m/n on input line 28.
LaTeX Font Info:    Overwriting symbol font `operators' in version `bold'
(Font)                  OT1/cmr/bx/n --> OT1/ztmcm/m/n on input line 28.
LaTeX Font Info:    Redeclaring symbol font `letters' on input line 29.
LaTeX Font Info:    Overwriting symbol font `letters' in version `normal'
(Font)                  OML/cmm/m/it --> OML/ztmcm/m/it on input line 29.
LaTeX Font Info:    Overwriting symbol font `letters' in version `bold'
(Font)                  OML/cmm/b/it --> OML/ztmcm/m/it on input line 29.
LaTeX Font Info:    Redeclaring symbol font `symbols' on input line 30.
LaTeX Font Info:    Overwriting symbol font `symbols' in version `normal'
(Font)                  OMS/cmsy/m/n --> OMS/ztmcm/m/n on input line 30.
LaTeX Font Info:    Overwriting symbol font `symbols' in version `bold'
(Font)                  OMS/cmsy/b/n --> OMS/ztmcm/m/n on input line 30.
LaTeX Font Info:    Redeclaring symbol font `largesymbols' on input line 31.
LaTeX Font Info:    Overwriting symbol font `largesymbols' in version `normal'
(Font)                  OMX/cmex/m/n --> OMX/ztmcm/m/n on input line 31.
LaTeX Font Info:    Overwriting symbol font `largesymbols' in version `bold'
(Font)                  OMX/cmex/m/n --> OMX/ztmcm/m/n on input line 31.
\symbold=\mathgroup9
\symitalic=\mathgroup10
LaTeX Font Info:    Redeclaring math alphabet \mathbf on input line 34.
LaTeX Font Info:    Redeclaring math alphabet \mathit on input line 35.
LaTeX Font Info:    Overwriting math alphabet `\mathit' in version `normal'
(Font)                  OT1/cmr/m/it --> OT1/ptm/m/it on input line 35.
LaTeX Font Info:    Overwriting math alphabet `\mathit' in version `bold'
(Font)                  OT1/cmr/bx/it --> OT1/ptm/m/it on input line 35.
LaTeX Info: Redefining \hbar on input line 50.
)
(d:/FILES/PROGRAM_FILES/texlive/2022/texmf-dist/tex/latex/fontspec/fontspec.sty

(d:/FILES/PROGRAM_FILES/texlive/2022/texmf-dist/tex/latex/l3packages/xparse/xpa
rse.sty
Package: xparse 2022-01-12 L3 Experimental document command parser
)
Package: fontspec 2022/01/15 v2.8a Font selection for XeLaTeX and LuaLaTeX

(d:/FILES/PROGRAM_FILES/texlive/2022/texmf-dist/tex/latex/fontspec/fontspec-xet
ex.sty
Package: fontspec-xetex 2022/01/15 v2.8a Font selection for XeLaTeX and LuaLaTe
X
\l__fontspec_script_int=\count281
\l__fontspec_language_int=\count282
\l__fontspec_strnum_int=\count283
\l__fontspec_tmp_int=\count284
\l__fontspec_tmpa_int=\count285
\l__fontspec_tmpb_int=\count286
\l__fontspec_tmpc_int=\count287
\l__fontspec_em_int=\count288
\l__fontspec_emdef_int=\count289
\l__fontspec_strong_int=\count290
\l__fontspec_strongdef_int=\count291
\l__fontspec_tmpa_dim=\dimen156
\l__fontspec_tmpb_dim=\dimen157
\l__fontspec_tmpc_dim=\dimen158

(d:/FILES/PROGRAM_FILES/texlive/2022/texmf-dist/tex/latex/base/fontenc.sty
Package: fontenc 2021/04/29 v2.0v Standard LaTeX package
)
(d:/FILES/PROGRAM_FILES/texlive/2022/texmf-dist/tex/latex/fontspec/fontspec.cfg
))) (d:/FILES/PROGRAM_FILES/texlive/2022/texmf-dist/tex/latex/base/textcomp.sty
Package: textcomp 2020/02/02 v2.0n Standard LaTeX package
)
(d:/FILES/PROGRAM_FILES/texlive/2022/texmf-dist/tex/latex/adjustbox/adjustbox.s
ty
Package: adjustbox 2020/08/19 v1.3 Adjusting TeX boxes (trim, clip, ...)

(d:/FILES/PROGRAM_FILES/texlive/2022/texmf-dist/tex/latex/xkeyval/xkeyval.sty
Package: xkeyval 2020/11/20 v2.8 package option processing (HA)

(d:/FILES/PROGRAM_FILES/texlive/2022/texmf-dist/tex/generic/xkeyval/xkeyval.tex

(d:/FILES/PROGRAM_FILES/texlive/2022/texmf-dist/tex/generic/xkeyval/xkvutils.te
x
\XKV@toks=\toks22
\XKV@tempa@toks=\toks23
)
\XKV@depth=\count292
File: xkeyval.tex 2014/12/03 v2.7a key=value parser (HA)
))
(d:/FILES/PROGRAM_FILES/texlive/2022/texmf-dist/tex/latex/adjustbox/adjcalc.sty
Package: adjcalc 2012/05/16 v1.1 Provides advanced setlength with multiple back
-ends (calc, etex, pgfmath)
)
(d:/FILES/PROGRAM_FILES/texlive/2022/texmf-dist/tex/latex/adjustbox/trimclip.st
y
Package: trimclip 2020/08/19 v1.2 Trim and clip general TeX material

(d:/FILES/PROGRAM_FILES/texlive/2022/texmf-dist/tex/latex/collectbox/collectbox
.sty
Package: collectbox 2012/05/17 v0.4b Collect macro arguments as boxes
\collectedbox=\box54
)
\tc@llx=\dimen159
\tc@lly=\dimen160
\tc@urx=\dimen161
\tc@ury=\dimen162
Package trimclip Info: Using driver 'tc-xetex.def'.

(d:/FILES/PROGRAM_FILES/texlive/2022/texmf-dist/tex/latex/adjustbox/tc-xetex.de
f
File: tc-xetex.def 2019/01/04 v2.2 Clipping driver for xetex
))
\adjbox@Width=\dimen163
\adjbox@Height=\dimen164
\adjbox@Depth=\dimen165
\adjbox@Totalheight=\dimen166
\adjbox@pwidth=\dimen167
\adjbox@pheight=\dimen168
\adjbox@pdepth=\dimen169
\adjbox@ptotalheight=\dimen170

(d:/FILES/PROGRAM_FILES/texlive/2022/texmf-dist/tex/latex/ifoddpage/ifoddpage.s
ty
Package: ifoddpage 2016/04/23 v1.1 Conditionals for odd/even page detection
\c@checkoddpage=\count293
)
(d:/FILES/PROGRAM_FILES/texlive/2022/texmf-dist/tex/latex/varwidth/varwidth.sty
Package: varwidth 2009/03/30 ver 0.92;  Variable-width minipages
\@vwid@box=\box55
\sift@deathcycles=\count294
\@vwid@loff=\dimen171
\@vwid@roff=\dimen172
))
(d:/FILES/PROGRAM_FILES/texlive/2022/texmf-dist/tex/latex/amsmath/amsmath.sty
Package: amsmath 2021/10/15 v2.17l AMS math features
\@mathmargin=\skip53

For additional information on amsmath, use the `?' option.
(d:/FILES/PROGRAM_FILES/texlive/2022/texmf-dist/tex/latex/amsmath/amstext.sty
Package: amstext 2021/08/26 v2.01 AMS text

(d:/FILES/PROGRAM_FILES/texlive/2022/texmf-dist/tex/latex/amsmath/amsgen.sty
File: amsgen.sty 1999/11/30 v2.0 generic functions
\@emptytoks=\toks24
\ex@=\dimen173
))
(d:/FILES/PROGRAM_FILES/texlive/2022/texmf-dist/tex/latex/amsmath/amsbsy.sty
Package: amsbsy 1999/11/29 v1.2d Bold Symbols
LaTeX Info: Redefining \boldsymbol on input line 28.
\pmbraise@=\dimen174
)
(d:/FILES/PROGRAM_FILES/texlive/2022/texmf-dist/tex/latex/amsmath/amsopn.sty
Package: amsopn 2021/08/26 v2.02 operator names
)
\inf@bad=\count295
LaTeX Info: Redefining \frac on input line 234.
\uproot@=\count296
\leftroot@=\count297
LaTeX Info: Redefining \overline on input line 399.
\classnum@=\count298
\DOTSCASE@=\count299
LaTeX Info: Redefining \ldots on input line 496.
LaTeX Info: Redefining \dots on input line 499.
LaTeX Info: Redefining \cdots on input line 620.
\Mathstrutbox@=\box56
\strutbox@=\box57
\big@size=\dimen175
LaTeX Font Info:    Redeclaring font encoding OML on input line 743.
LaTeX Font Info:    Redeclaring font encoding OMS on input line 744.
\macc@depth=\count300
\c@MaxMatrixCols=\count301
\dotsspace@=\muskip17
\c@parentequation=\count302
\dspbrk@lvl=\count303
\tag@help=\toks25
\row@=\count304
\column@=\count305
\maxfields@=\count306
\andhelp@=\toks26
\eqnshift@=\dimen176
\alignsep@=\dimen177
\tagshift@=\dimen178
\tagwidth@=\dimen179
\totwidth@=\dimen180
\lineht@=\dimen181
\@envbody=\toks27
\multlinegap=\skip54
\multlinetaggap=\skip55
\mathdisplay@stack=\toks28
LaTeX Info: Redefining \[ on input line 2938.
LaTeX Info: Redefining \] on input line 2939.
)
(d:/FILES/PROGRAM_FILES/texlive/2022/texmf-dist/tex/latex/glossaries/base/gloss
aries.sty
Package: glossaries 2021/11/01 v4.49 (NLCT)

(d:/FILES/PROGRAM_FILES/texlive/2022/texmf-dist/tex/latex/base/ifthen.sty
Package: ifthen 2020/11/24 v1.1c Standard LaTeX ifthen package (DPC)
)
(d:/FILES/PROGRAM_FILES/texlive/2022/texmf-dist/tex/latex/mfirstuc/mfirstuc.sty
Package: mfirstuc 2021/10/15 v2.07 (NLCT)

(d:/FILES/PROGRAM_FILES/texlive/2022/texmf-dist/tex/latex/etoolbox/etoolbox.sty
Package: etoolbox 2020/10/05 v2.5k e-TeX tools for LaTeX (JAW)
\etb@tempcnta=\count307
)
\@glsmfirst=\toks29
\@glsmrest=\toks30
)
(d:/FILES/PROGRAM_FILES/texlive/2022/texmf-dist/tex/latex/textcase/textcase.sty
Package: textcase 2019/09/14 v1.00 Text only upper/lower case changing (DPC)
) (d:/FILES/PROGRAM_FILES/texlive/2022/texmf-dist/tex/latex/xfor/xfor.sty
Package: xfor 2009/02/05 v1.05 (NLCT)
)
(d:/FILES/PROGRAM_FILES/texlive/2022/texmf-dist/tex/latex/datatool/datatool-bas
e.sty
Package: datatool-base 2019/09/27 v2.32 (NLCT)

(d:/FILES/PROGRAM_FILES/texlive/2022/texmf-dist/tex/latex/substr/substr.sty
Package: substr 2009/10/20 v1.2 Handle substrings
\c@su@anzahl=\count308
)
(d:/FILES/PROGRAM_FILES/texlive/2022/texmf-dist/tex/latex/datatool/datatool-fp.
sty
Package: datatool-fp 2019/09/27 v2.32 (NLCT)
 (d:/FILES/PROGRAM_FILES/texlive/2022/texmf-dist/tex/latex/fp/fp.sty
Package: fp 1995/04/02

`Fixed Point Package', Version 0.8, April 2, 1995 (C) Michael Mehlich
(d:/FILES/PROGRAM_FILES/texlive/2022/texmf-dist/tex/latex/fp/defpattern.sty
Package: defpattern 1994/10/12
\actioncount=\count309
)
(d:/FILES/PROGRAM_FILES/texlive/2022/texmf-dist/tex/latex/fp/fp-basic.sty
Package: fp-basic 1996/05/13
\FP@xs=\count310
\FP@xia=\count311
\FP@xib=\count312
\FP@xfa=\count313
\FP@xfb=\count314
\FP@rega=\count315
\FP@regb=\count316
\FP@regs=\count317
\FP@times=\count318
)
(d:/FILES/PROGRAM_FILES/texlive/2022/texmf-dist/tex/latex/fp/fp-addons.sty
Package: fp-addons 1995/03/15
)
(d:/FILES/PROGRAM_FILES/texlive/2022/texmf-dist/tex/latex/fp/fp-snap.sty
Package: fp-snap 1995/04/05
)
(d:/FILES/PROGRAM_FILES/texlive/2022/texmf-dist/tex/latex/fp/fp-exp.sty
Package: fp-exp 1995/04/03
)
(d:/FILES/PROGRAM_FILES/texlive/2022/texmf-dist/tex/latex/fp/fp-trigo.sty
Package: fp-trigo 1995/04/14
)
(d:/FILES/PROGRAM_FILES/texlive/2022/texmf-dist/tex/latex/fp/fp-pas.sty
Package: fp-pas 1994/08/29
)
(d:/FILES/PROGRAM_FILES/texlive/2022/texmf-dist/tex/latex/fp/fp-random.sty
Package: fp-random 1995/02/23
\FPseed=\count319
)
(d:/FILES/PROGRAM_FILES/texlive/2022/texmf-dist/tex/latex/fp/fp-eqn.sty
Package: fp-eqn 1995/04/03
)
(d:/FILES/PROGRAM_FILES/texlive/2022/texmf-dist/tex/latex/fp/fp-upn.sty
Package: fp-upn 1996/10/21
)
(d:/FILES/PROGRAM_FILES/texlive/2022/texmf-dist/tex/latex/fp/fp-eval.sty
Package: fp-eval 1995/04/03
)))
\@dtl@toks=\toks31
\@dtl@tmpcount=\count320
\dtl@tmplength=\skip56
\dtl@sortresult=\count321
\@dtl@numgrpsepcount=\count322
\@dtl@datatype=\count323
\dtl@codeA=\count324
\dtl@codeB=\count325
\@dtl@foreach@level=\count326
)
(d:/FILES/PROGRAM_FILES/texlive/2022/texmf-dist/tex/latex/glossaries/base/gloss
aries-compatible-307.sty
Package: glossaries-compatible-307 2021/11/01 v4.49 (NLCT)
)
(d:/FILES/PROGRAM_FILES/texlive/2022/texmf-dist/tex/latex/tracklang/tracklang.s
ty
Package: tracklang 2020/06/30 v1.5 (NLCT) Track Languages

(d:/FILES/PROGRAM_FILES/texlive/2022/texmf-dist/tex/generic/tracklang/tracklang
.tex))
(d:/FILES/PROGRAM_FILES/texlive/2022/texmf-dist/tex/latex/translator/translator
.sty
Package: translator 2021-05-31 v1.12d Easy translation of strings in LaTeX
)
(d:/FILES/PROGRAM_FILES/texlive/2022/texmf-dist/tex/latex/glossaries-polish/glo
ssaries-polish.ldf
File: glossaries-polish.ldf 2014/11/23 v1.0

(d:/FILES/PROGRAM_FILES/texlive/2022/texmf-dist/tex/latex/glossaries-polish/glo
ssaries-polish-utf8.ldf))
(d:/FILES/PROGRAM_FILES/texlive/2022/texmf-dist/tex/latex/glossaries-english/gl
ossaries-english.ldf
File: glossaries-english.ldf 2014/11/23 v1.0
)
\gls@level=\count327
\@gls@tmpb=\toks32
\gls@tmplen=\skip57
\glskeylisttok=\toks33
\glslabeltok=\toks34
\glsshorttok=\toks35
\glslongtok=\toks36

(d:/FILES/PROGRAM_FILES/texlive/2022/texmf-dist/tex/latex/glossaries/styles/glo
ssary-hypernav.sty
Package: glossary-hypernav 2021/11/01 v4.49 (NLCT)
)
(d:/FILES/PROGRAM_FILES/texlive/2022/texmf-dist/tex/latex/glossaries/styles/glo
ssary-list.sty
Package: glossary-list 2021/11/01 v4.49 (NLCT)
\glslistdottedwidth=\skip58
)
(d:/FILES/PROGRAM_FILES/texlive/2022/texmf-dist/tex/latex/glossaries/styles/glo
ssary-long.sty
Package: glossary-long 2021/11/01 v4.49 (NLCT)

(d:/FILES/PROGRAM_FILES/texlive/2022/texmf-dist/tex/latex/tools/longtable.sty
Package: longtable 2021-09-01 v4.17 Multi-page Table package (DPC)
\LTleft=\skip59
\LTright=\skip60
\LTpre=\skip61
\LTpost=\skip62
\LTchunksize=\count328
\LTcapwidth=\dimen182
\LT@head=\box58
\LT@firsthead=\box59
\LT@foot=\box60
\LT@lastfoot=\box61
\LT@gbox=\box62
\LT@cols=\count329
\LT@rows=\count330
\c@LT@tables=\count331
\c@LT@chunks=\count332
\LT@p@ftn=\toks37
)
\glsdescwidth=\skip63
\glspagelistwidth=\skip64
)
(d:/FILES/PROGRAM_FILES/texlive/2022/texmf-dist/tex/latex/glossaries/styles/glo
ssary-super.sty
Package: glossary-super 2021/11/01 v4.49 (NLCT)

(d:/FILES/PROGRAM_FILES/texlive/2022/texmf-dist/tex/latex/supertabular/supertab
ular.sty
Package: supertabular 2020/02/02 v4.1g the supertabular environment
\c@tracingst=\count333
\ST@wd=\dimen183
\ST@rightskip=\skip65
\ST@leftskip=\skip66
\ST@parfillskip=\skip67
\ST@pageleft=\dimen184
\ST@headht=\dimen185
\ST@tailht=\dimen186
\ST@pagesofar=\dimen187
\ST@pboxht=\dimen188
\ST@lineht=\dimen189
\ST@prevht=\dimen190
\ST@toadd=\dimen191
\ST@dimen=\dimen192
\ST@pbox=\box63
))
(d:/FILES/PROGRAM_FILES/texlive/2022/texmf-dist/tex/latex/glossaries/styles/glo
ssary-tree.sty
Package: glossary-tree 2021/11/01 v4.49 (NLCT)
\glstreeindent=\skip68
))

Package fontspec Info: Font family 'TimesNewRoman(0)' created for font 'Times
(fontspec)             New Roman' with options [Ligatures=TeX].
(fontspec)              
(fontspec)              This font family consists of the following NFSS
(fontspec)             series/shapes:
(fontspec)              
(fontspec)             - 'normal' (m/n) with NFSS spec.: <->"Times New
(fontspec)             Roman/OT:script=latn;language=dflt;mapping=tex-text;"
(fontspec)             - 'small caps'  (m/sc) with NFSS spec.: <->"Times New
(fontspec)             Roman/OT:script=latn;language=dflt;+smcp;mapping=tex-tex
t;"
(fontspec)             - 'bold' (b/n) with NFSS spec.: <->"Times New
(fontspec)             Roman/B/OT:script=latn;language=dflt;mapping=tex-text;"
(fontspec)             - 'bold small caps'  (b/sc) with NFSS spec.: <->"Times
(fontspec)             New
(fontspec)             Roman/B/OT:script=latn;language=dflt;+smcp;mapping=tex-t
ext;"
(fontspec)             - 'italic' (m/it) with NFSS spec.: <->"Times New
(fontspec)             Roman/I/OT:script=latn;language=dflt;mapping=tex-text;"
(fontspec)             - 'italic small caps'  (m/scit) with NFSS spec.:
(fontspec)             <->"Times New
(fontspec)             Roman/I/OT:script=latn;language=dflt;+smcp;mapping=tex-t
ext;"
(fontspec)             - 'bold italic' (b/it) with NFSS spec.: <->"Times New
(fontspec)             Roman/BI/OT:script=latn;language=dflt;mapping=tex-text;"

(fontspec)             - 'bold italic small caps'  (b/scit) with NFSS spec.:
(fontspec)             <->"Times New
(fontspec)             Roman/BI/OT:script=latn;language=dflt;+smcp;mapping=tex-
text;"

\glswrite=\write3
\glo@main@file=\write4
\openout4 = `main.glo'.

Package glossaries Info: Writing glossary file main.glo on input line 31.
 (D:/_PROJECTS_/GIT/licencjat/manuscript/main.aux)
\openout1 = `main.aux'.

LaTeX Font Info:    Checking defaults for OML/cmm/m/it on input line 45.
LaTeX Font Info:    ... okay on input line 45.
LaTeX Font Info:    Checking defaults for OMS/cmsy/m/n on input line 45.
LaTeX Font Info:    ... okay on input line 45.
LaTeX Font Info:    Checking defaults for OT1/cmr/m/n on input line 45.
LaTeX Font Info:    ... okay on input line 45.
LaTeX Font Info:    Checking defaults for T1/cmr/m/n on input line 45.
LaTeX Font Info:    ... okay on input line 45.
LaTeX Font Info:    Checking defaults for TS1/cmr/m/n on input line 45.
LaTeX Font Info:    Trying to load font information for TS1+cmr on input line 4
5.

(d:/FILES/PROGRAM_FILES/texlive/2022/texmf-dist/tex/latex/base/ts1cmr.fd
File: ts1cmr.fd 2019/12/16 v2.5j Standard LaTeX font definitions
)
LaTeX Font Info:    ... okay on input line 45.
LaTeX Font Info:    Checking defaults for TU/lmr/m/n on input line 45.
LaTeX Font Info:    ... okay on input line 45.
LaTeX Font Info:    Checking defaults for OMX/cmex/m/n on input line 45.
LaTeX Font Info:    ... okay on input line 45.
LaTeX Font Info:    Checking defaults for U/cmr/m/n on input line 45.
LaTeX Font Info:    ... okay on input line 45.
LaTeX Font Info:    Checking defaults for PD1/pdf/m/n on input line 45.
LaTeX Font Info:    ... okay on input line 45.
LaTeX Font Info:    Checking defaults for PU/pdf/m/n on input line 45.
LaTeX Font Info:    ... okay on input line 45.

*geometry* driver: auto-detecting
*geometry* detected driver: xetex
*geometry* verbose mode - [ preamble ] result:
* driver: xetex
* paper: a4paper
* layout: <same size as paper>
* layoutoffset:(h,v)=(0.0pt,0.0pt)
* modes: 
* h-part:(L,W,R)=(72.2698pt, 452.96826pt, 72.2698pt)
* v-part:(T,H,B)=(72.2698pt, 700.50723pt, 72.2698pt)
* \paperwidth=597.50787pt
* \paperheight=845.04684pt
* \textwidth=452.96826pt
* \textheight=700.50723pt
* \oddsidemargin=-0.00018pt
* \evensidemargin=-0.00018pt
* \topmargin=-37.00018pt
* \headheight=12.0pt
* \headsep=25.0pt
* \topskip=12.0pt
* \footskip=30.0pt
* \marginparwidth=35.0pt
* \marginparsep=10.0pt
* \columnsep=10.0pt
* \skip\footins=10.8pt plus 4.0pt minus 2.0pt
* \hoffset=0.0pt
* \voffset=0.0pt
* \mag=1000
* \@twocolumnfalse
* \@twosidefalse
* \@mparswitchfalse
* \@reversemarginfalse
* (1in=72.27pt=25.4mm, 1cm=28.453pt)

\symgns@font=\mathgroup11
LaTeX Font Info:    Overwriting symbol font `gns@font' in version `bold'
(Font)                  TS1/TimesNewRoman(0)/m/n --> TS1/TimesNewRoman(0)/b/n o
n input line 45.
Package gensymb Info: Math companion symbols declared on input line 45.
LaTeX Info: Redefining \degree on input line 45.
LaTeX Info: Redefining \celsius on input line 45.
Package gensymb Info: Using text companion symbols for \degree, \celsius and \p
erthousand on input line 45.
LaTeX Info: Redefining \ohm on input line 45.
Package gensymb Info: Using \textohm for \ohm on input line 45.
Package gensymb Info: Using \textmu for \micro on input line 45.
Package hyperref Info: Link coloring OFF on input line 45.
(D:/_PROJECTS_/GIT/licencjat/manuscript/main.out)
(D:/_PROJECTS_/GIT/licencjat/manuscript/main.out)
\@outlinefile=\write5
\openout5 = `main.out'.

 (./titlepage.tex
File: figures/Herb_Uniwersytetu_Jagiellońskiego.svg.png Graphic file (type bmp)

<figures/Herb_Uniwersytetu_Jagiellońskiego.svg.png>
 [1

\openout3 = `main.ist'.

])
(./thanks.tex) [1] (D:/_PROJECTS_/GIT/licencjat/manuscript/main.toc
LaTeX Font Info:    Trying to load font information for OT1+ztmcm on input line
 5.

(d:/FILES/PROGRAM_FILES/texlive/2022/texmf-dist/tex/latex/psnfss/ot1ztmcm.fd
File: ot1ztmcm.fd 2000/01/03 Fontinst v1.801 font definitions for OT1/ztmcm.
)
LaTeX Font Info:    Trying to load font information for OML+ztmcm on input line
 5.

(d:/FILES/PROGRAM_FILES/texlive/2022/texmf-dist/tex/latex/psnfss/omlztmcm.fd
File: omlztmcm.fd 2000/01/03 Fontinst v1.801 font definitions for OML/ztmcm.
)
LaTeX Font Info:    Trying to load font information for OMS+ztmcm on input line
 5.

(d:/FILES/PROGRAM_FILES/texlive/2022/texmf-dist/tex/latex/psnfss/omsztmcm.fd
File: omsztmcm.fd 2000/01/03 Fontinst v1.801 font definitions for OMS/ztmcm.
)
LaTeX Font Info:    Trying to load font information for OMX+ztmcm on input line
 5.

(d:/FILES/PROGRAM_FILES/texlive/2022/texmf-dist/tex/latex/psnfss/omxztmcm.fd
File: omxztmcm.fd 2000/01/03 Fontinst v1.801 font definitions for OMX/ztmcm.
)
LaTeX Font Info:    Trying to load font information for OT1+ptm on input line 5
.

(d:/FILES/PROGRAM_FILES/texlive/2022/texmf-dist/tex/latex/psnfss/ot1ptm.fd
File: ot1ptm.fd 2001/06/04 font definitions for OT1/ptm.
)
LaTeX Font Info:    Font shape `OT1/ptm/bx/n' in size <12> not available
(Font)              Font shape `OT1/ptm/b/n' tried instead on input line 5.
LaTeX Font Info:    Font shape `OT1/ptm/bx/n' in size <9> not available
(Font)              Font shape `OT1/ptm/b/n' tried instead on input line 5.
LaTeX Font Info:    Font shape `OT1/ptm/bx/n' in size <7> not available
(Font)              Font shape `OT1/ptm/b/n' tried instead on input line 5.
LaTeX Font Info:    Trying to load font information for TS1+TimesNewRoman(0) on
 input line 5.
LaTeX Font Info:    No file TS1TimesNewRoman(0).fd. on input line 5.


LaTeX Font Warning: Font shape `TS1/TimesNewRoman(0)/m/n' undefined
(Font)              using `TS1/cmr/m/n' instead on input line 5.

)
\tf@toc=\write6
\openout6 = `main.toc'.

 (D:/_PROJECTS_/GIT/licencjat/manuscript/main.gls) [3] (./abstracts.tex
LaTeX Font Info:    Font shape `OT1/ptm/bx/n' in size <10.95> not available
(Font)              Font shape `OT1/ptm/b/n' tried instead on input line 22.
LaTeX Font Info:    Font shape `OT1/ptm/bx/n' in size <8> not available
(Font)              Font shape `OT1/ptm/b/n' tried instead on input line 22.
LaTeX Font Info:    Font shape `OT1/ptm/bx/n' in size <6> not available
(Font)              Font shape `OT1/ptm/b/n' tried instead on input line 22.
)
[4] (./introduction.tex
File: figures/publications.png Graphic file (type bmp)
<figures/publications.png>
 [5] [6]) (./methodology.tex [7] [8]
Overfull \hbox (2.20442pt too wide) in paragraph at lines 94--94
[]\TU/TimesNewRoman(0)/b/n/14.4 Badanie aktywności mlrA w \TU/TimesNewRoman(0)/
b/it/14.4 Synechocystis sp. \TU/TimesNewRoman(0)/b/n/14.4 PCC 6803 McCormick 7 

 []

) (./results.tex
Underfull \hbox (badness 10000) in paragraph at lines 1--11

 []

File: figures/ww.png Graphic file (type bmp)
<figures/ww.png>
File: figures/mfc-volt-boxplt.png Graphic file (type bmp)
<figures/mfc-volt-boxplt.png>
[9]

LaTeX Warning: Text page 10 contains only floats.

[10]
File: figures/mlra_activity.png Graphic file (type bmp)
<figures/mlra_activity.png>
) (./conclusions.tex
Overfull \hbox (0.7437pt too wide) in paragraph at lines 2--14
\TU/TimesNewRoman(0)/m/n/12 Wzrost \TU/TimesNewRoman(0)/m/it/12 R. sphaeroides\
TU/TimesNewRoman(0)/m/n/12 , badany poprzez pomiar [][]OD[]$[]$, na pożywkach z
awierających [][]WW[] w stę-
 []


Underfull \hbox (badness 10000) in paragraph at lines 2--14

 []


Underfull \hbox (badness 10000) in paragraph at lines 16--30

 []

[11]) (D:/_PROJECTS_/GIT/licencjat/manuscript/main.bbl
D:/_PROJECTS_/GIT/licencjat/manuscript/main.bbl:25: Misplaced alignment tab cha
racter &.
l.25 \newblock {\em Environmental Science &
                                            Technology}, 40(17):5181--5192, ...
I can't figure out why you would want to use a tab mark
here. If you just want an ampersand, the remedy is
simple: Just type `I\&' now. But if some right brace
up above has ended a previous alignment prematurely,
you're probably due for more error messages, and you
might try typing `S' now just to see what is salvageable.

[12]) [13] (./suplement.tex
File: figures/wwtp.png Graphic file (type bmp)
<figures/wwtp.png>
File: figures/totalprot.png Graphic file (type bmp)
<figures/totalprot.png>
File: figures/voltage1.png Graphic file (type bmp)
<figures/voltage1.png>
) [14
runsystem(makeindex -s main.ist -t main.glg -o main.gls main.glo)...executed sa
fely (allowed).

] [15
\glossaryentry{MlrA?\glossentry{mlra}|setentrycounter[]{page}"\glsnumberformat}
{15}
\glossaryentry{aMFC?\glossentry{amfc}|setentrycounter[]{page}"\glsnumberformat}
{15}
] (D:/_PROJECTS_/GIT/licencjat/manuscript/main.aux)

LaTeX Font Warning: Some font shapes were not available, defaults substituted.

Package rerunfilecheck Info: File `main.out' has not changed.
(rerunfilecheck)             Checksum: 84263D3A2D36E091008CB4F49A16E36E;2574.
 ) 
Here is how much of TeX's memory you used:
 22527 strings out of 476133
 449673 string characters out of 5803171
 935240 words of memory out of 5000000
 42842 multiletter control sequences out of 15000+600000
 500030 words of font info for 130 fonts, out of 8000000 for 9000
 1348 hyphenation exceptions out of 8191
 91i,11n,90p,1113b,524s stack positions out of 10000i,1000n,20000p,200000b,200000s

Output written on D:/_PROJECTS_/GIT/licencjat/manuscript/main.pdf (15 pages).
